c:\users\micha\source\repos\spawn\vs-2017\x64\debug\vc141.pdb
c:\users\micha\source\repos\spawn\vs-2017\x64\debug\vc141.idb
c:\users\micha\source\repos\spawn\vs-2017\x64\debug\objectlistiterator.obj
c:\users\micha\source\repos\spawn\vs-2017\x64\debug\objectlist.obj
c:\users\micha\source\repos\spawn\vs-2017\x64\debug\object.obj
c:\users\micha\source\repos\spawn\vs-2017\x64\debug\music.obj
c:\users\micha\source\repos\spawn\vs-2017\x64\debug\manager.obj
c:\users\micha\source\repos\spawn\vs-2017\x64\debug\logmanager.obj
c:\users\micha\source\repos\spawn\vs-2017\x64\debug\inputmanager.obj
c:\users\micha\source\repos\spawn\vs-2017\x64\debug\gamemanager.obj
c:\users\micha\source\repos\spawn\vs-2017\x64\debug\frame.obj
c:\users\micha\source\repos\spawn\vs-2017\x64\debug\eventview.obj
c:\users\micha\source\repos\spawn\vs-2017\x64\debug\eventstep.obj
c:\users\micha\source\repos\spawn\vs-2017\x64\debug\eventout.obj
c:\users\micha\source\repos\spawn\vs-2017\x64\debug\eventmouse.obj
c:\users\micha\source\repos\spawn\vs-2017\x64\debug\eventkeyboard.obj
c:\users\micha\source\repos\spawn\vs-2017\x64\debug\eventcollision.obj
c:\users\micha\source\repos\spawn\vs-2017\x64\debug\event.obj
c:\users\micha\source\repos\spawn\vs-2017\x64\debug\displaymanager.obj
c:\users\micha\source\repos\spawn\vs-2017\x64\debug\clock.obj
c:\users\micha\source\repos\spawn\vs-2017\x64\debug\box.obj
c:\users\micha\source\repos\spawn\vs-2017\x64\debug\worldmanager.obj
c:\users\micha\source\repos\spawn\vs-2017\x64\debug\viewobject.obj
c:\users\micha\source\repos\spawn\vs-2017\x64\debug\vector.obj
c:\users\micha\source\repos\spawn\vs-2017\x64\debug\utility.obj
c:\users\micha\source\repos\spawn\vs-2017\x64\debug\sprite.obj
c:\users\micha\source\repos\spawn\vs-2017\x64\debug\sound.obj
c:\users\micha\source\repos\spawn\vs-2017\x64\debug\resourcemanager.obj
c:\users\micha\source\repos\spawn\vs-2017\x64\debug\dragonfly.tlog\cl.command.1.tlog
c:\users\micha\source\repos\spawn\vs-2017\x64\debug\dragonfly.tlog\cl.read.1.tlog
c:\users\micha\source\repos\spawn\vs-2017\x64\debug\dragonfly.tlog\cl.write.1.tlog
