19:27:10 >Loaded font
19:27:10 >LogManager successfully initialized with setFlush(true).
19:27:10 >GameManager successfully initialized.
19:27:10 >LogManager successfully initialized.
19:27:10 >DisplayManager successfully initialized.
19:27:10 >InputManager successfully initialized.
19:27:10 >WorldManager successfully initialized.
19:27:10 >Starting tests:

19:27:10 >Clearing all objects...

19:27:10 >RESOURCEMANAGER TESTS
19:27:10 >Loading sprite explosion for TIDO
19:27:10 >Error parsing sprite file...line 0 incorrect length.
19:27:10 >Error parsing sprite file...line 0 incorrect length.
19:27:10 >Error parsing sprite file...line 0 incorrect length.
19:27:10 >Error parsing sprite file...line 0 incorrect length.
19:27:10 >Loading sound pew.
19:27:10 >Loaded sound 'p!»Ó'.
19:27:11 >Loading music africa
19:27:11 >Loaded music 'p!»Ó'.
19:27:16 >Stopping music.
19:27:16 >unloadSound() returned -1
19:27:16 >unloadMusic() returned -1
19:27:16 >END RESOURCEMANAGER TESTS

19:27:16 >VIEWOBJECT TESTS
19:27:16 >Clearing all objects...

19:27:16 >Created ViewObject vO
19:27:16 >Set vO view string to test view object
19:27:16 >Set vO location to 6
19:27:16 >Set vO draw value to 1
19:27:16 >Set vO value to 24
19:27:16 >getBorder() returns 1
19:27:16 >Disabling border after 2 seconds.
19:27:18 >getBorder() returns 0
19:27:18 >Set vO color to red
19:27:18 >getColor() returned red
19:27:20 >eventHandler() with VIEW_EVENT returns 1
19:27:20 >END VIEWOBJECT TESTS

19:27:20 >Clearing all objects...

19:27:20 >WORLDMANAGERFINAL TESTS
19:27:20 >Set View Following
19:27:20 >END WORLDMANAGERFINAL TESTS

19:27:20 >Error parsing sprite file...line 0 incorrect length.
19:27:20 >Error parsing sprite file...line 0 incorrect length.
19:27:36 >Finished testing.
19:27:36 >
Shutting down all managers.
